
	            G L O B A L   R E F E R E N C E S

	             Name               Value        Type
	==============================|=======|===============
	CR                               000A         CONSTANT
	FIM_TEXTO                        0040         CONSTANT
	IO_READ                          FFFF         CONSTANT
	IO_WRITE                         FFFE         CONSTANT
	IO_STATUS                        FFFD         CONSTANT
	INITIAL_SP                       FDFF         CONSTANT
	CURSOR                           FFFC         CONSTANT
	CURSOR_INIT                      FFFF         CONSTANT
	ROW_POSITION                     0000         CONSTANT
	COL_POSITION                     0000         CONSTANT
	ROW_SHIFT                        0008         CONSTANT
	COLUMN_SHIFT                     0008         CONSTANT
	LINE_LENGTH                      0051         CONSTANT
	SPACESHIP_ROW                    0016         CONSTANT
	CARACTER_ESPACO                  0020         CONSTANT
	CARACTER_NAVE                    006E         CONSTANT
	BORDA_ESQ                        0001         CONSTANT
	BORDA_DIR                        004E         CONSTANT
	TIMER_UNITS                      FFF6         CONSTANT
	ACTIVATE_TIMER                   FFF7         CONSTANT
	ON                               0001         CONSTANT
	TIRO                             006F         CONSTANT
	BORDA_TIRO                       0004         CONSTANT
	LINHA_INICIAL_BALA               0015         CONSTANT
	LINHA_FINAL_BALA                 0004         CONSTANT
	ZERO_ASCII                       0030         CONSTANT
	COLUNA_PONTUACAO                 004B         CONSTANT
	LINHA_PONTUACAO                  0002         CONSTANT
	INIMIGO_1                        0026         CONSTANT
	COLUNA_DIREITA                   004F         CONSTANT
	PAREDE                           007C         CONSTANT
	POS_VIDA_1                       0009         CONSTANT
	POS_VIDA_2                       000C         CONSTANT
	POS_VIDA_3                       000F         CONSTANT
	SIM                              0001         CONSTANT
	NAO                              0000         CONSTANT
	Row0                             8000           STRING
	Row1                             8051           STRING
	Row2                             80A2           STRING
	Row3                             80F3           STRING
	Row4                             8144           STRING
	Row5                             8195           STRING
	Row6                             81E6           STRING
	Row7                             8237           STRING
	Row8                             8288           STRING
	Row9                             82D9           STRING
	Row10                            832A           STRING
	Row11                            837B           STRING
	Row12                            83CC           STRING
	Row13                            841D           STRING
	Row14                            846E           STRING
	Row15                            84BF           STRING
	Row16                            8510           STRING
	Row17                            8561           STRING
	Row18                            85B2           STRING
	Row19                            8603           STRING
	Row20                            8654           STRING
	Row21                            86A5           STRING
	Row22                            86F6           STRING
	Row23                            8747           STRING
	Perdeu                           8798           STRING
	Ganhou                           87A4           STRING
	RowIndex                         87B0         VARIABLE
	ColumnIndex                      87B1         VARIABLE
	TextIndex                        87B2         VARIABLE
	Coluna_mais_direita              87B3         VARIABLE
	Coluna_mais_esquerda             87B4         VARIABLE
	Meio_da_nave                     87B5         VARIABLE
	Coluna_tiro                      87B6         VARIABLE
	Linha_Tiro                       87B7         VARIABLE
	Contador                         87B8         VARIABLE
	BalaAtiva                        87B9         VARIABLE
	Colisao                          87BA         VARIABLE
	Dezena                           87BB         VARIABLE
	Centena                          87BC         VARIABLE
	Coluna_esquerda_inimigos         87BD         VARIABLE
	Coluna_direita_parede            87BE         VARIABLE
	Coluna_esquerda_parede           87BF         VARIABLE
	memoria_inimigos                 87C0         VARIABLE
	Contador_tempo                   87C1         VARIABLE
	linha_inimigos                   87C2         VARIABLE
	contador_linha_direita           87C3         VARIABLE
	contador_linha_esquerda          87C4         VARIABLE
	contador_linha_baixo             87C5         VARIABLE
	contador_linha_inimigos          87C6         VARIABLE
	Flag_direcao                     87C7         VARIABLE
	Contador_vida                    87C8         VARIABLE
	Flag_vence                       87C9         VARIABLE
	INT0                             FE00         VARIABLE
	INT1                             FE01         VARIABLE
	INT2                             FE02         VARIABLE
	INT15                            FE0F         VARIABLE
	Esqueleto                        0002            LABEL
	Disparo                          0007            LABEL
	Final_Disparo                    0025            LABEL
	PrintString                      0029            LABEL
	CyclePrintString                 002F            LABEL
	EndPrintString                   003F            LABEL
	PrintMap                         0045            LABEL
	CyclePrintMap                    0052            LABEL
	EndPrintMap                      005D            LABEL
	Move_Nave_Esq                    0063            LABEL
	End_Move_Nave_Esq                008B            LABEL
	Move_Nave_Dir                    0090            LABEL
	End_Move_Nave_DIR                00B8            LABEL
	Timer                            00BD            LABEL
	TerminaTimer                     00D2            LABEL
	Para_timer                       00D8            LABEL
	MovimentaBala                    00DC            LABEL
	Para_bala                        0109            LABEL
	Continua_bala                    011B            LABEL
	Config_Timer                     011F            LABEL
	Colisao_inimigo                  012E            LABEL
	Nao_Colide                       015A            LABEL
	Pontuacao                        0160            LABEL
	Continua_Pontuacao               0181            LABEL
	Movimenta_inimigo_dir            0199            LABEL
	Continua_movimento_dir           01BA            LABEL
	Escreve_espaco                   01D3            LABEL
	Checa_linhas                     01F8            LABEL
	Move_para_baixo                  0208            LABEL
	End_movimenta_dir                020A            LABEL
	Movimenta_inimigo_baixo          0212            LABEL
	Continua_movimento_baixo         0229            LABEL
	Escreve_espaco_baixo             0242            LABEL
	Checa_linhas_baixo               026A            LABEL
	End_movimenta_baixo              027A            LABEL
	Movimenta_inimigo_esq            0284            LABEL
	Continua_movimento_esq           02A5            LABEL
	Escreve_espaco_esq               02BE            LABEL
	Checa_linhas_esq                 02E4            LABEL
	Move_para_baixo_esq              02F4            LABEL
	End_movimenta_esq                02F6            LABEL
	Movimenta_inimigos               02FE            LABEL
	Troca_direcao                    030B            LABEL
	troca_para_esq                   0314            LABEL
	troca_para_dir                   031A            LABEL
	End_troca_direcao                031C            LABEL
	Perde_vida                       031E            LABEL
	Perde_vida_3                     0333            LABEL
	Perde_vida_2                     034E            LABEL
	Perde_vida_1                     0369            LABEL
	End_perde_vida                   0386            LABEL
	Termina_vida                     0388            LABEL
	Reseta_tela                      038C            LABEL
	Cycle_reseta_tela                03AA            LABEL
	Continua_ciclo                   03B5            LABEL
	Cycle_reseta_tela2               03BA            LABEL
	End_Reseta_tela                  03C5            LABEL
	Perde_Jogo                       03CE            LABEL
	End_Perde_Jogo                   03DE            LABEL
	Ganha_jogo                       03E3            LABEL
	End_Ganha_Jogo                   03F3            LABEL
	Main                             03F8            LABEL
	Cycle                            0406            LABEL
	Halt                             0407            LABEL
